Determining if the pthread_create exist failed with the following output:
Change Dir: /home/user/Desktop/2270/cpp_refresher/CMakeFiles/CMakeTmp

Run Build Command:/usr/bin/make "cmTryCompileExec2066570456/fast"
/usr/bin/make -f CMakeFiles/cmTryCompileExec2066570456.dir/build.make CMakeFiles/cmTryCompileExec2066570456.dir/build
make[1]: Entering directory `/home/user/Desktop/2270/cpp_refresher/CMakeFiles/CMakeTmp'
/usr/bin/cmake -E cmake_progress_report /home/user/Desktop/2270/cpp_refresher/CMakeFiles/CMakeTmp/CMakeFiles 1
Building C object CMakeFiles/cmTryCompileExec2066570456.dir/CheckSymbolExists.c.o
/usr/bin/clang    -o CMakeFiles/cmTryCompileExec2066570456.dir/CheckSymbolExists.c.o   -c /home/user/Desktop/2270/cpp_refresher/CMakeFiles/CMakeTmp/CheckSymbolExists.c
Linking C executable cmTryCompileExec2066570456
/usr/bin/cmake -E cmake_link_script CMakeFiles/cmTryCompileExec2066570456.dir/link.txt --verbose=1
/usr/bin/clang       CMakeFiles/cmTryCompileExec2066570456.dir/CheckSymbolExists.c.o  -o cmTryCompileExec2066570456 -rdynamic 
CMakeFiles/cmTryCompileExec2066570456.dir/CheckSymbolExists.c.o: In function `main':
/home/user/Desktop/2270/cpp_refresher/CMakeFiles/CMakeTmp/CheckSymbolExists.c:(.text+0x19): undefined reference to `pthread_create'
clang: error: linker command failed with exit code 1 (use -v to see invocation)
make[1]: Leaving directory `/home/user/Desktop/2270/cpp_refresher/CMakeFiles/CMakeTmp'
make[1]: *** [cmTryCompileExec2066570456] Error 1
make: *** [cmTryCompileExec2066570456/fast] Error 2

File /home/user/Desktop/2270/cpp_refresher/CMakeFiles/CMakeTmp/CheckSymbolExists.c:
/* */
#include <pthread.h>

int main(int argc, char** argv)
{
  (void)argv;
#ifndef pthread_create
  return ((int*)(&pthread_create))[argc];
#else
  (void)argc;
  return 0;
#endif
}

Determining if the function pthread_create exists in the pthreads failed with the following output:
Change Dir: /home/user/Desktop/2270/cpp_refresher/CMakeFiles/CMakeTmp

Run Build Command:/usr/bin/make "cmTryCompileExec98767766/fast"
/usr/bin/make -f CMakeFiles/cmTryCompileExec98767766.dir/build.make CMakeFiles/cmTryCompileExec98767766.dir/build
make[1]: Entering directory `/home/user/Desktop/2270/cpp_refresher/CMakeFiles/CMakeTmp'
/usr/bin/cmake -E cmake_progress_report /home/user/Desktop/2270/cpp_refresher/CMakeFiles/CMakeTmp/CMakeFiles 1
Building C object CMakeFiles/cmTryCompileExec98767766.dir/CheckFunctionExists.c.o
/usr/bin/clang   -DCHECK_FUNCTION_EXISTS=pthread_create   -o CMakeFiles/cmTryCompileExec98767766.dir/CheckFunctionExists.c.o   -c /usr/share/cmake-2.8/Modules/CheckFunctionExists.c
Linking C executable cmTryCompileExec98767766
/usr/bin/cmake -E cmake_link_script CMakeFiles/cmTryCompileExec98767766.dir/link.txt --verbose=1
/usr/bin/clang   -DCHECK_FUNCTION_EXISTS=pthread_create    CMakeFiles/cmTryCompileExec98767766.dir/CheckFunctionExists.c.o  -o cmTryCompileExec98767766 -rdynamic -lpthreads 
/usr/bin/ld: cannot find -lpthreads
clang: error: linker command failed with exit code 1 (use -v to see invocation)
make[1]: Leaving directory `/home/user/Desktop/2270/cpp_refresher/CMakeFiles/CMakeTmp'
make[1]: *** [cmTryCompileExec98767766] Error 1
make: *** [cmTryCompileExec98767766/fast] Error 2


